生成启动时间为 2020/7/22 9:30:10。
     1>项目“F:\桌面文件\openGL编程\gl004\gl004\gl004.vcxproj”在节点 2 上(build 个目标)。
     1>InitializeBuildStatus:
         正在创建“Debug\gl004.unsuccessfulbuild”，因为已指定“AlwaysCreate”。
       ClCompile:
         C:\Program Files (x86)\Microsoft Visual Studio 10.0\VC\bin\CL.exe /c /ZI /nologo /W3 /WX- /Od /Oy- /D WIN32 /D _DEBUG /D _WINDOWS /D _UNICODE /D UNICODE /Gm /EHsc /RTC1 /MDd /GS /fp:precise /Zc:wchar_t /Zc:forScope /Fo"Debug\\" /Fd"Debug\vc100.pdb" /Gd /TP /analyze- /errorReport:prompt GL_Main.cpp
         GL_Main.cpp
     1>f:\桌面文件\opengl编程\gl004\gl004\gl_main.cpp(245): warning C4996: '_sleep': This function or variable has been superceded by newer library or operating system functionality. Consider using Sleep instead. See online help for details.
                 c:\program files (x86)\microsoft visual studio 10.0\vc\include\stdlib.h(843) : 参见“_sleep”的声明
       ManifestResourceCompile:
         所有输出均为最新。
       Link:
         C:\Program Files (x86)\Microsoft Visual Studio 10.0\VC\bin\link.exe /ERRORREPORT:PROMPT /OUT:"F:\桌面文件\openGL编程\gl004\Debug\gl004.exe" /INCREMENTAL /NOLOGO kernel32.lib user32.lib gdi32.lib winspool.lib comdlg32.lib advapi32.lib shell32.lib ole32.lib oleaut32.lib uuid.lib odbc32.lib odbccp32.lib /MANIFEST /ManifestFile:"Debug\gl004.exe.intermediate.manifest" /MANIFESTUAC:"level='asInvoker' uiAccess='false'" /DEBUG /PDB:"F:\桌面文件\openGL编程\gl004\Debug\gl004.pdb" /SUBSYSTEM:WINDOWS /TLBID:1 /ENTRY:"mainCRTStartup" /DYNAMICBASE /NXCOMPAT /IMPLIB:"F:\桌面文件\openGL编程\gl004\Debug\gl004.lib" /MACHINE:X86 Debug\gl004.exe.embed.manifest.res
         Debug\GL_Main.obj
       Manifest:
         C:\Program Files (x86)\Microsoft SDKs\Windows\v7.0A\bin\mt.exe /nologo /verbose /out:"Debug\gl004.exe.embed.manifest" /manifest Debug\gl004.exe.intermediate.manifest
         所有输出均为最新。
       LinkEmbedManifest:
         所有输出均为最新。
         gl004.vcxproj -> F:\桌面文件\openGL编程\gl004\Debug\gl004.exe
       FinalizeBuildStatus:
         正在删除文件“Debug\gl004.unsuccessfulbuild”。
         正在对“Debug\gl004.lastbuildstate”执行 Touch 任务。
     1>已完成生成项目“F:\桌面文件\openGL编程\gl004\gl004\gl004.vcxproj”(build 个目标)的操作。

生成成功。

已用时间 00:00:00.92
