F:\桌面文件\OPENGL编程\GL004\DEBUG\GL004.EXE
F:\桌面文件\OPENGL编程\GL004\DEBUG\GL004.ILK
F:\桌面文件\OPENGL编程\GL004\DEBUG\GL004.PDB
F:\桌面文件\openGL编程\gl004\gl004\Debug\cl.command.1.tlog
F:\桌面文件\openGL编程\gl004\gl004\Debug\CL.read.1.tlog
F:\桌面文件\openGL编程\gl004\gl004\Debug\CL.write.1.tlog
F:\桌面文件\OPENGL编程\GL004\GL004\DEBUG\GL_MAIN.OBJ
F:\桌面文件\OPENGL编程\GL004\GL004\DEBUG\GL004.EXE.EMBED.MANIFEST
F:\桌面文件\OPENGL编程\GL004\GL004\DEBUG\GL004.EXE.EMBED.MANIFEST.RES
F:\桌面文件\OPENGL编程\GL004\GL004\DEBUG\GL004.EXE.INTERMEDIATE.MANIFEST
F:\桌面文件\openGL编程\gl004\gl004\Debug\gl004.write.1.tlog
F:\桌面文件\openGL编程\gl004\gl004\Debug\gl004_manifest.rc
F:\桌面文件\openGL编程\gl004\gl004\Debug\link.6036.read.1.tlog
F:\桌面文件\openGL编程\gl004\gl004\Debug\link.6036.write.1.tlog
F:\桌面文件\openGL编程\gl004\gl004\Debug\link.6036-cvtres.read.1.tlog
F:\桌面文件\openGL编程\gl004\gl004\Debug\link.6036-cvtres.write.1.tlog
F:\桌面文件\openGL编程\gl004\gl004\Debug\link.command.1.tlog
F:\桌面文件\openGL编程\gl004\gl004\Debug\link.read.1.tlog
F:\桌面文件\openGL编程\gl004\gl004\Debug\link.write.1.tlog
F:\桌面文件\openGL编程\gl004\gl004\Debug\link-cvtres.read.1.tlog
F:\桌面文件\openGL编程\gl004\gl004\Debug\link-cvtres.write.1.tlog
F:\桌面文件\openGL编程\gl004\gl004\Debug\mt.command.1.tlog
F:\桌面文件\openGL编程\gl004\gl004\Debug\mt.read.1.tlog
F:\桌面文件\openGL编程\gl004\gl004\Debug\mt.write.1.tlog
F:\桌面文件\openGL编程\gl004\gl004\Debug\rc.command.1.tlog
F:\桌面文件\openGL编程\gl004\gl004\Debug\rc.read.1.tlog
F:\桌面文件\openGL编程\gl004\gl004\Debug\rc.write.1.tlog
F:\桌面文件\openGL编程\gl004\gl004\Debug\vc100.idb
F:\桌面文件\OPENGL编程\GL004\GL004\DEBUG\VC100.PDB
